<?xml version="1.0" encoding="UTF-8"?>
<!-- Generated by org.testng.reporters.JUnitReportReporter -->
<testsuite skipped="0" hostname="DESKTOP-4C7O5I6" name="tloocTests.LoginPageTest" tests="2" failures="0" timestamp="07 Dec 2018 14:49:00 GMT" time="50.758" errors="0">
  <testcase name="loginPageIsDisplayed" time="23.079" classname="tloocTests.LoginPageTest"/>
  <testcase name="failedLoginBlankFields" time="27.679" classname="tloocTests.LoginPageTest"/>
</testsuite> <!-- tloocTests.LoginPageTest -->
