<?xml version="1.0" encoding="UTF-8"?>
<!-- Generated by org.testng.reporters.JUnitReportReporter -->
<testsuite skipped="0" hostname="lukes-PC" name="tloocTests.HomePageTest" tests="1" failures="0" timestamp="30 Nov 2018 21:28:01 GMT" time="4.597" errors="0">
  <testcase name="loginPageTravelooc" time="4.597" classname="tloocTests.HomePageTest"/>
</testsuite> <!-- tloocTests.HomePageTest -->
