<?xml version="1.0" encoding="UTF-8"?>
<!-- Generated by org.testng.reporters.JUnitReportReporter -->
<testsuite skipped="0" hostname="lukes-PC" name="tloocTests.GoogleHomeTest" tests="1" failures="0" timestamp="25 Nov 2018 21:22:22 GMT" time="1.491" errors="0">
  <testcase name="testSearchClickingSearchOnGoogle" time="1.491" classname="tloocTests.GoogleHomeTest"/>
</testsuite> <!-- tloocTests.GoogleHomeTest -->
