<?xml version="1.0" encoding="UTF-8"?>
<!-- Generated by org.testng.reporters.JUnitReportReporter -->
<testsuite skipped="0" hostname="lukes-PC" name="tloocTests.LoginPageTest" tests="2" failures="0" timestamp="06 Dec 2018 21:35:26 GMT" time="8.979" errors="0">
  <testcase name="failedLoginBlankFields" time="3.517" classname="tloocTests.LoginPageTest"/>
  <testcase name="loginPageIsDisplayed" time="5.462" classname="tloocTests.LoginPageTest"/>
</testsuite> <!-- tloocTests.LoginPageTest -->
