<?xml version="1.0" encoding="UTF-8"?>
<!-- Generated by org.testng.reporters.JUnitReportReporter -->
<testsuite skipped="0" hostname="lukes-PC" name="tloocTests.GoogleHomeTest" tests="2" failures="0" timestamp="28 Nov 2018 21:39:12 GMT" time="9.146" errors="0">
  <testcase name="testSearchClickingSearchBlabla" time="4.300" classname="tloocTests.GoogleHomeTest"/>
  <testcase name="testSearchClickingSearchOnGoogle" time="4.846" classname="tloocTests.GoogleHomeTest"/>
</testsuite> <!-- tloocTests.GoogleHomeTest -->
