<?xml version="1.0" encoding="UTF-8"?>
<!-- Generated by org.testng.reporters.JUnitReportReporter -->
<testsuite skipped="0" hostname="DESKTOP-4C7O5I6" name="tloocTests.GoogleHomeTest" tests="2" failures="0" timestamp="29 Nov 2018 16:11:36 GMT" time="20.091" errors="0">
  <testcase name="testSearchClickingSearchBlabla" time="11.338" classname="tloocTests.GoogleHomeTest"/>
  <testcase name="testSearchClickingSearchOnGoogle" time="8.753" classname="tloocTests.GoogleHomeTest"/>
</testsuite> <!-- tloocTests.GoogleHomeTest -->
