<?xml version="1.0" encoding="UTF-8"?>
<!-- Generated by org.testng.reporters.JUnitReportReporter -->
<testsuite skipped="0" hostname="DESKTOP-4C7O5I6" name="tloocTests.HomePageTest" tests="1" failures="0" timestamp="03 Dec 2018 11:44:46 GMT" time="9.874" errors="0">
  <testcase name="loginPageTravelooc" time="9.874" classname="tloocTests.HomePageTest"/>
</testsuite> <!-- tloocTests.HomePageTest -->
